Copyright 1986-2018 Xilinx, Inc. All Rights Reserved.
---------------------------------------------------------------------------------------------------------------------
| Tool Version : Vivado v.2018.2 (win64) Build 2258646 Thu Jun 14 20:03:12 MDT 2018
| Date         : Tue Oct  2 17:48:51 2018
| Host         : DEV-WIN10 running 64-bit major release  (build 9200)
| Command      : report_drc -file vbacc_v1_0_drc_opted.rpt -pb vbacc_v1_0_drc_opted.pb -rpx vbacc_v1_0_drc_opted.rpx
| Design       : vbacc_v1_0
| Device       : xc7z045ffv900-3
| Speed File   : -3
| Design State : Synthesized
---------------------------------------------------------------------------------------------------------------------

Report DRC

Table of Contents
-----------------
1. REPORT SUMMARY
2. REPORT DETAILS

1. REPORT SUMMARY
-----------------
            Netlist: netlist
          Floorplan: design_1
      Design limits: <entire design considered>
           Ruledeck: default
             Max violations: <unlimited>
             Violations found: 3
+--------+------------------+----------------------------+------------+
| Rule   | Severity         | Description                | Violations |
+--------+------------------+----------------------------+------------+
| NSTD-1 | Critical Warning | Unspecified I/O Standard   | 1          |
| UCIO-1 | Critical Warning | Unconstrained Logical Port | 1          |
| ZPS7-1 | Warning          | PS7 block required         | 1          |
+--------+------------------+----------------------------+------------+

2. REPORT DETAILS
-----------------
NSTD-1#1 Critical Warning
Unspecified I/O Standard  
351 out of 351 logical ports use I/O standard (IOSTANDARD) value 'DEFAULT', instead of a user assigned specific value. This may cause I/O contention or incompatibility with the board power or connectivity affecting performance, signal integrity or in extreme cases cause damage to the device or the components to which it is connected. To correct this violation, specify all I/O standards. This design will fail to generate a bitstream unless all logical ports have a user specified I/O standard value defined. To allow bitstream creation with unspecified I/O standard values (not recommended), use this command: set_property SEVERITY {Warning} [get_drc_checks NSTD-1].  NOTE: When using the Vivado Runs infrastructure (e.g. launch_runs Tcl command), add this command to a .tcl file and add that file as a pre-hook for write_bitstream step for the implementation run. Problem ports: m00_axi_status_araddr[31:0], m00_axi_status_arburst[1:0], m00_axi_status_arcache[3:0], m00_axi_status_arid[0], m00_axi_status_arlen[7:0], m00_axi_status_arprot[2:0], m00_axi_status_arqos[3:0], m00_axi_status_arsize[2:0], m00_axi_status_awaddr[31:0], m00_axi_status_awburst[1:0], m00_axi_status_awcache[3:0], m00_axi_status_awid[0], m00_axi_status_awlen[7:0], m00_axi_status_awprot[2:0], m00_axi_status_awqos[3:0] (the first 15 of 87 listed).
Related violations: <none>

UCIO-1#1 Critical Warning
Unconstrained Logical Port  
351 out of 351 logical ports have no user assigned specific location constraint (LOC). This may cause I/O contention or incompatibility with the board power or connectivity affecting performance, signal integrity or in extreme cases cause damage to the device or the components to which it is connected. To correct this violation, specify all pin locations. This design will fail to generate a bitstream unless all logical ports have a user specified site LOC constraint defined.  To allow bitstream creation with unspecified pin locations (not recommended), use this command: set_property SEVERITY {Warning} [get_drc_checks UCIO-1].  NOTE: When using the Vivado Runs infrastructure (e.g. launch_runs Tcl command), add this command to a .tcl file and add that file as a pre-hook for write_bitstream step for the implementation run.  Problem ports: m00_axi_status_araddr[31:0], m00_axi_status_arburst[1:0], m00_axi_status_arcache[3:0], m00_axi_status_arid[0], m00_axi_status_arlen[7:0], m00_axi_status_arprot[2:0], m00_axi_status_arqos[3:0], m00_axi_status_arsize[2:0], m00_axi_status_awaddr[31:0], m00_axi_status_awburst[1:0], m00_axi_status_awcache[3:0], m00_axi_status_awid[0], m00_axi_status_awlen[7:0], m00_axi_status_awprot[2:0], m00_axi_status_awqos[3:0] (the first 15 of 87 listed).
Related violations: <none>

ZPS7-1#1 Warning
PS7 block required  
The PS7 cell must be used in this Zynq design in order to enable correct default configuration.
Related violations: <none>


