Copyright 1986-2018 Xilinx, Inc. All Rights Reserved.
------------------------------------------------------------------------------------
| Tool Version : Vivado v.2018.2 (win64) Build 2258646 Thu Jun 14 20:03:12 MDT 2018
| Date         : Mon Oct  1 20:11:47 2018
| Host         : DEV-WIN10 running 64-bit major release  (build 9200)
| Command      : upgrade_ip
| Device       : xc7z010clg225-1
------------------------------------------------------------------------------------

Upgrade Log for IP 'zsys_rst_processing_system7_0_50M_0'

1. Summary
----------

SUCCESS in the conversion of zsys_rst_processing_system7_0_50M_0 (xilinx.com:ip:proc_sys_reset:5.0 (Rev. 12)) to Vivado generation flows.






Copyright 1986-2018 Xilinx, Inc. All Rights Reserved.
------------------------------------------------------------------------------------
| Tool Version : Vivado v.2018.2 (win64) Build 2258646 Thu Jun 14 20:03:12 MDT 2018
| Date         : Mon Oct  1 20:11:47 2018
| Host         : DEV-WIN10 running 64-bit major release  (build 9200)
| Command      : upgrade_ip
| Device       : xc7z010clg225-1
------------------------------------------------------------------------------------

Upgrade Log for IP 'zsys_processing_system7_0_0'

1. Summary
----------

SUCCESS in the conversion of zsys_processing_system7_0_0 (xilinx.com:ip:processing_system7:5.5 (Rev. 6)) to Vivado generation flows.

2. Upgrade messages
-------------------

WARNING: upgrade cannot add parameter PCW_TRACE_INTERNAL_WIDTH with default value 32 : a parameter called PCW_TRACE_INTERNAL_WIDTH already exists in processing_system7_v5_5
WARNING: upgrade cannot add parameter PCW_USE_AXI_NONSECURE with default value 0 : a parameter called PCW_USE_AXI_NONSECURE already exists in processing_system7_v5_5
WARNING: upgrade cannot add parameter PCW_EN_PTP_ENET0 with default value 1 : a parameter called PCW_EN_PTP_ENET0 already exists in processing_system7_v5_5
WARNING: upgrade cannot add parameter PCW_EN_PTP_ENET0 with default value 1 : a parameter called PCW_EN_PTP_ENET0 already exists in processing_system7_v5_5
WARNING: upgrade cannot add parameter PCW_GP0_NUM_WRITE_THREADS with default value 4 : a parameter called PCW_GP0_NUM_WRITE_THREADS already exists in processing_system7_v5_5
WARNING: upgrade cannot add parameter PCW_GP0_NUM_READ_THREADS with default value 4 : a parameter called PCW_GP0_NUM_READ_THREADS already exists in processing_system7_v5_5
WARNING: upgrade cannot add parameter PCW_GP1_NUM_WRITE_THREADS with default value 4 : a parameter called PCW_GP1_NUM_WRITE_THREADS already exists in processing_system7_v5_5
WARNING: upgrade cannot add parameter PCW_GP1_NUM_READ_THREADS with default value 4 : a parameter called PCW_GP1_NUM_READ_THREADS already exists in processing_system7_v5_5
WARNING: upgrade cannot add parameter PCW_GP0_EN_MODIFIABLE_TXN with default value 0 : a parameter called PCW_GP0_EN_MODIFIABLE_TXN already exists in processing_system7_v5_5
WARNING: upgrade cannot add parameter PCW_GP1_EN_MODIFIABLE_TXN with default value 0 : a parameter called PCW_GP1_EN_MODIFIABLE_TXN already exists in processing_system7_v5_5






Copyright 1986-2018 Xilinx, Inc. All Rights Reserved.
------------------------------------------------------------------------------------
| Tool Version : Vivado v.2018.2 (win64) Build 2258646 Thu Jun 14 20:03:12 MDT 2018
| Date         : Mon Oct  1 20:11:47 2018
| Host         : DEV-WIN10 running 64-bit major release  (build 9200)
| Command      : upgrade_ip
| Device       : xc7z010clg225-1
------------------------------------------------------------------------------------

Upgrade Log for IP 'zsys_proc_sys_reset_0_0'

1. Summary
----------

SUCCESS in the conversion of zsys_proc_sys_reset_0_0 (xilinx.com:ip:proc_sys_reset:5.0 (Rev. 12)) to Vivado generation flows.






Copyright 1986-2018 Xilinx, Inc. All Rights Reserved.
------------------------------------------------------------------------------------
| Tool Version : Vivado v.2018.2 (win64) Build 2258646 Thu Jun 14 20:03:12 MDT 2018
| Date         : Mon Oct  1 20:11:47 2018
| Host         : DEV-WIN10 running 64-bit major release  (build 9200)
| Command      : upgrade_ip
| Device       : xc7z010clg225-1
------------------------------------------------------------------------------------

Upgrade Log for IP 'zsys_clk_wiz_1_0'

1. Summary
----------

SUCCESS in the conversion of zsys_clk_wiz_1_0 (xilinx.com:ip:clk_wiz:6.0 (Rev. 1)) to Vivado generation flows.






Copyright 1986-2018 Xilinx, Inc. All Rights Reserved.
------------------------------------------------------------------------------------
| Tool Version : Vivado v.2018.2 (win64) Build 2258646 Thu Jun 14 20:03:12 MDT 2018
| Date         : Mon Oct  1 18:43:34 2018
| Host         : DEV-WIN10 running 64-bit major release  (build 9200)
| Command      : upgrade_ip
| Device       : xc7z010clg225-1
------------------------------------------------------------------------------------

Upgrade Log for IP 'zsys_xlslice_0_0'

1. Summary
----------

SUCCESS in the upgrade of zsys_xlslice_0_0 (xilinx.com:ip:xlslice:1.0) to (Rev. 1)






Copyright 1986-2018 Xilinx, Inc. All Rights Reserved.
------------------------------------------------------------------------------------
| Tool Version : Vivado v.2018.2 (win64) Build 2258646 Thu Jun 14 20:03:12 MDT 2018
| Date         : Mon Oct  1 18:43:34 2018
| Host         : DEV-WIN10 running 64-bit major release  (build 9200)
| Command      : upgrade_ip
| Device       : xc7z010clg225-1
------------------------------------------------------------------------------------

Upgrade Log for IP 'zsys_xlconcat_0_0'

1. Summary
----------

SUCCESS in the upgrade of zsys_xlconcat_0_0 (xilinx.com:ip:xlconcat:2.1) from (Rev. 2) to (Rev. 1)






Copyright 1986-2018 Xilinx, Inc. All Rights Reserved.
------------------------------------------------------------------------------------
| Tool Version : Vivado v.2018.2 (win64) Build 2258646 Thu Jun 14 20:03:12 MDT 2018
| Date         : Mon Oct  1 18:43:34 2018
| Host         : DEV-WIN10 running 64-bit major release  (build 9200)
| Command      : upgrade_ip
| Device       : xc7z010clg225-1
------------------------------------------------------------------------------------

Upgrade Log for IP 'zsys_v_tc_0_0'

1. Summary
----------

SUCCESS in the upgrade of zsys_v_tc_0_0 (xilinx.com:ip:v_tc:6.1) from (Rev. 10) to (Rev. 12)






Copyright 1986-2018 Xilinx, Inc. All Rights Reserved.
------------------------------------------------------------------------------------
| Tool Version : Vivado v.2018.2 (win64) Build 2258646 Thu Jun 14 20:03:12 MDT 2018
| Date         : Mon Oct  1 18:43:34 2018
| Host         : DEV-WIN10 running 64-bit major release  (build 9200)
| Command      : upgrade_ip
| Device       : xc7z010clg225-1
------------------------------------------------------------------------------------

Upgrade Log for IP 'zsys_v_axi4s_vid_out_0_0'

1. Summary
----------

SUCCESS in the upgrade of zsys_v_axi4s_vid_out_0_0 (xilinx.com:ip:v_axi4s_vid_out:4.0) from (Rev. 5) to (Rev. 9)






Copyright 1986-2018 Xilinx, Inc. All Rights Reserved.
------------------------------------------------------------------------------------
| Tool Version : Vivado v.2018.2 (win64) Build 2258646 Thu Jun 14 20:03:12 MDT 2018
| Date         : Mon Oct  1 18:43:34 2018
| Host         : DEV-WIN10 running 64-bit major release  (build 9200)
| Command      : upgrade_ip
| Device       : xc7z010clg225-1
------------------------------------------------------------------------------------

Upgrade Log for IP 'zsys_rst_processing_system7_0_50M_0'

1. Summary
----------

SUCCESS in the upgrade of zsys_rst_processing_system7_0_50M_0 (xilinx.com:ip:proc_sys_reset:5.0) from (Rev. 10) to (Rev. 12)






Copyright 1986-2018 Xilinx, Inc. All Rights Reserved.
------------------------------------------------------------------------------------
| Tool Version : Vivado v.2018.2 (win64) Build 2258646 Thu Jun 14 20:03:12 MDT 2018
| Date         : Mon Oct  1 18:43:34 2018
| Host         : DEV-WIN10 running 64-bit major release  (build 9200)
| Command      : upgrade_ip
| Device       : xc7z010clg225-1
------------------------------------------------------------------------------------

Upgrade Log for IP 'zsys_processing_system7_0_axi_periph_0'

1. Summary
----------

SUCCESS in the upgrade of zsys_processing_system7_0_axi_periph_0 (xilinx.com:ip:axi_interconnect:2.1) from (Rev. 12) to (Rev. 18)






Copyright 1986-2018 Xilinx, Inc. All Rights Reserved.
------------------------------------------------------------------------------------
| Tool Version : Vivado v.2018.2 (win64) Build 2258646 Thu Jun 14 20:03:12 MDT 2018
| Date         : Mon Oct  1 18:43:34 2018
| Host         : DEV-WIN10 running 64-bit major release  (build 9200)
| Command      : upgrade_ip
| Device       : xc7z010clg225-1
------------------------------------------------------------------------------------

Upgrade Log for IP 'zsys_processing_system7_0_0'

1. Summary
----------

SUCCESS in the upgrade of zsys_processing_system7_0_0 (xilinx.com:ip:processing_system7:5.5) from (Rev. 3) to (Rev. 6)

2. Upgrade messages
-------------------

WARNING: upgrade cannot add parameter PCW_TRACE_INTERNAL_WIDTH with default value 32 : a parameter called PCW_TRACE_INTERNAL_WIDTH already exists in processing_system7_v5_5
WARNING: upgrade cannot add parameter PCW_USE_AXI_NONSECURE with default value 0 : a parameter called PCW_USE_AXI_NONSECURE already exists in processing_system7_v5_5
WARNING: upgrade cannot add parameter PCW_EN_PTP_ENET0 with default value 1 : a parameter called PCW_EN_PTP_ENET0 already exists in processing_system7_v5_5
WARNING: upgrade cannot add parameter PCW_EN_PTP_ENET0 with default value 1 : a parameter called PCW_EN_PTP_ENET0 already exists in processing_system7_v5_5
WARNING: upgrade cannot add parameter PCW_GP0_NUM_WRITE_THREADS with default value 4 : a parameter called PCW_GP0_NUM_WRITE_THREADS already exists in processing_system7_v5_5
WARNING: upgrade cannot add parameter PCW_GP0_NUM_READ_THREADS with default value 4 : a parameter called PCW_GP0_NUM_READ_THREADS already exists in processing_system7_v5_5
WARNING: upgrade cannot add parameter PCW_GP1_NUM_WRITE_THREADS with default value 4 : a parameter called PCW_GP1_NUM_WRITE_THREADS already exists in processing_system7_v5_5
WARNING: upgrade cannot add parameter PCW_GP1_NUM_READ_THREADS with default value 4 : a parameter called PCW_GP1_NUM_READ_THREADS already exists in processing_system7_v5_5
WARNING: upgrade cannot add parameter PCW_GP0_EN_MODIFIABLE_TXN with default value 0 : a parameter called PCW_GP0_EN_MODIFIABLE_TXN already exists in processing_system7_v5_5
WARNING: upgrade cannot add parameter PCW_GP1_EN_MODIFIABLE_TXN with default value 0 : a parameter called PCW_GP1_EN_MODIFIABLE_TXN already exists in processing_system7_v5_5






Copyright 1986-2018 Xilinx, Inc. All Rights Reserved.
------------------------------------------------------------------------------------
| Tool Version : Vivado v.2018.2 (win64) Build 2258646 Thu Jun 14 20:03:12 MDT 2018
| Date         : Mon Oct  1 18:43:34 2018
| Host         : DEV-WIN10 running 64-bit major release  (build 9200)
| Command      : upgrade_ip
| Device       : xc7z010clg225-1
------------------------------------------------------------------------------------

Upgrade Log for IP 'zsys_proc_sys_reset_0_0'

1. Summary
----------

SUCCESS in the upgrade of zsys_proc_sys_reset_0_0 (xilinx.com:ip:proc_sys_reset:5.0) from (Rev. 10) to (Rev. 12)






Copyright 1986-2018 Xilinx, Inc. All Rights Reserved.
------------------------------------------------------------------------------------
| Tool Version : Vivado v.2018.2 (win64) Build 2258646 Thu Jun 14 20:03:12 MDT 2018
| Date         : Mon Oct  1 18:43:34 2018
| Host         : DEV-WIN10 running 64-bit major release  (build 9200)
| Command      : upgrade_ip
| Device       : xc7z010clg225-1
------------------------------------------------------------------------------------

Upgrade Log for IP 'zsys_clk_wiz_1_0'

1. Summary
----------

CAUTION (success, with warnings) in the upgrade of zsys_clk_wiz_1_0 from xilinx.com:ip:clk_wiz:5.3 (Rev. 3) to xilinx.com:ip:clk_wiz:6.0 (Rev. 1)

After upgrade, an IP may have parameter differences compared to the original customization. Please review the parameters within the IP customization GUI to ensure proper functionality.

2. Customization warnings
-------------------------

An attempt to modify the value of disabled parameter 'MMCM_CLKIN1_PERIOD' from '9.750' to '9.75' has been ignored for IP 'zsys_clk_wiz_1_0'

An attempt to modify the value of disabled parameter 'MMCM_CLKIN2_PERIOD' from '10.000' to '10.0' has been ignored for IP 'zsys_clk_wiz_1_0'


3. Debug Commands
-----------------

  The following debug information can be passed to Vivado as Tcl commands,
in order to validate or debug the output of the upgrade flow.
  You may consult any warnings from within this upgrade, and alter or remove
the configuration parameter(s) which caused the warning; then execute the Tcl
commands, and use the IP Customization GUI to verify the IP configuration.

create_ip -vlnv xilinx.com:ip:clk_wiz:6.0 -user_name zsys_clk_wiz_1_0
set_property -dict "\
  CONFIG.AUTO_PRIMITIVE {MMCM} \
  CONFIG.AXI_DRP {false} \
  CONFIG.CALC_DONE {empty} \
  CONFIG.CDDCDONE_PORT {cddcdone} \
  CONFIG.CDDCREQ_PORT {cddcreq} \
  CONFIG.CLKFB_IN_N_PORT {clkfb_in_n} \
  CONFIG.CLKFB_IN_PORT {clkfb_in} \
  CONFIG.CLKFB_IN_P_PORT {clkfb_in_p} \
  CONFIG.CLKFB_IN_SIGNALING {SINGLE} \
  CONFIG.CLKFB_OUT_N_PORT {clkfb_out_n} \
  CONFIG.CLKFB_OUT_PORT {clkfb_out} \
  CONFIG.CLKFB_OUT_P_PORT {clkfb_out_p} \
  CONFIG.CLKFB_STOPPED_PORT {clkfb_stopped} \
  CONFIG.CLKIN1_JITTER_PS {97.5} \
  CONFIG.CLKIN1_UI_JITTER {0.010} \
  CONFIG.CLKIN2_JITTER_PS {100.0} \
  CONFIG.CLKIN2_UI_JITTER {0.010} \
  CONFIG.CLKOUT1_DRIVES {BUFG} \
  CONFIG.CLKOUT1_JITTER {445.132} \
  CONFIG.CLKOUT1_MATCHED_ROUTING {false} \
  CONFIG.CLKOUT1_PHASE_ERROR {569.784} \
  CONFIG.CLKOUT1_REQUESTED_DUTY_CYCLE {50.000} \
  CONFIG.CLKOUT1_REQUESTED_OUT_FREQ {74.250} \
  CONFIG.CLKOUT1_REQUESTED_PHASE {0.000} \
  CONFIG.CLKOUT1_SEQUENCE_NUMBER {1} \
  CONFIG.CLKOUT1_USED {true} \
  CONFIG.CLKOUT2_DRIVES {BUFG} \
  CONFIG.CLKOUT2_JITTER {404.727} \
  CONFIG.CLKOUT2_MATCHED_ROUTING {false} \
  CONFIG.CLKOUT2_PHASE_ERROR {569.784} \
  CONFIG.CLKOUT2_REQUESTED_DUTY_CYCLE {50.000} \
  CONFIG.CLKOUT2_REQUESTED_OUT_FREQ {148.500} \
  CONFIG.CLKOUT2_REQUESTED_PHASE {0.000} \
  CONFIG.CLKOUT2_SEQUENCE_NUMBER {1} \
  CONFIG.CLKOUT2_USED {true} \
  CONFIG.CLKOUT3_DRIVES {BUFG} \
  CONFIG.CLKOUT3_JITTER {325.031} \
  CONFIG.CLKOUT3_MATCHED_ROUTING {false} \
  CONFIG.CLKOUT3_PHASE_ERROR {569.784} \
  CONFIG.CLKOUT3_REQUESTED_DUTY_CYCLE {50.000} \
  CONFIG.CLKOUT3_REQUESTED_OUT_FREQ {742.500} \
  CONFIG.CLKOUT3_REQUESTED_PHASE {0.000} \
  CONFIG.CLKOUT3_SEQUENCE_NUMBER {1} \
  CONFIG.CLKOUT3_USED {true} \
  CONFIG.CLKOUT4_DRIVES {BUFG} \
  CONFIG.CLKOUT4_JITTER {0.0} \
  CONFIG.CLKOUT4_MATCHED_ROUTING {false} \
  CONFIG.CLKOUT4_PHASE_ERROR {0.0} \
  CONFIG.CLKOUT4_REQUESTED_DUTY_CYCLE {50.000} \
  CONFIG.CLKOUT4_REQUESTED_OUT_FREQ {100.000} \
  CONFIG.CLKOUT4_REQUESTED_PHASE {0.000} \
  CONFIG.CLKOUT4_SEQUENCE_NUMBER {1} \
  CONFIG.CLKOUT4_USED {false} \
  CONFIG.CLKOUT5_DRIVES {BUFG} \
  CONFIG.CLKOUT5_JITTER {0.0} \
  CONFIG.CLKOUT5_MATCHED_ROUTING {false} \
  CONFIG.CLKOUT5_PHASE_ERROR {0.0} \
  CONFIG.CLKOUT5_REQUESTED_DUTY_CYCLE {50.000} \
  CONFIG.CLKOUT5_REQUESTED_OUT_FREQ {100.000} \
  CONFIG.CLKOUT5_REQUESTED_PHASE {0.000} \
  CONFIG.CLKOUT5_SEQUENCE_NUMBER {1} \
  CONFIG.CLKOUT5_USED {false} \
  CONFIG.CLKOUT6_DRIVES {BUFG} \
  CONFIG.CLKOUT6_JITTER {0.0} \
  CONFIG.CLKOUT6_MATCHED_ROUTING {false} \
  CONFIG.CLKOUT6_PHASE_ERROR {0.0} \
  CONFIG.CLKOUT6_REQUESTED_DUTY_CYCLE {50.000} \
  CONFIG.CLKOUT6_REQUESTED_OUT_FREQ {100.000} \
  CONFIG.CLKOUT6_REQUESTED_PHASE {0.000} \
  CONFIG.CLKOUT6_SEQUENCE_NUMBER {1} \
  CONFIG.CLKOUT6_USED {false} \
  CONFIG.CLKOUT7_DRIVES {BUFG} \
  CONFIG.CLKOUT7_JITTER {0.0} \
  CONFIG.CLKOUT7_MATCHED_ROUTING {false} \
  CONFIG.CLKOUT7_PHASE_ERROR {0.0} \
  CONFIG.CLKOUT7_REQUESTED_DUTY_CYCLE {50.000} \
  CONFIG.CLKOUT7_REQUESTED_OUT_FREQ {100.000} \
  CONFIG.CLKOUT7_REQUESTED_PHASE {0.000} \
  CONFIG.CLKOUT7_SEQUENCE_NUMBER {1} \
  CONFIG.CLKOUT7_USED {false} \
  CONFIG.CLKOUTPHY_REQUESTED_FREQ {600.000} \
  CONFIG.CLK_IN1_BOARD_INTERFACE {Custom} \
  CONFIG.CLK_IN2_BOARD_INTERFACE {Custom} \
  CONFIG.CLK_IN_SEL_PORT {clk_in_sel} \
  CONFIG.CLK_OUT1_PORT {clk_out1} \
  CONFIG.CLK_OUT1_USE_FINE_PS_GUI {false} \
  CONFIG.CLK_OUT2_PORT {clk_out2} \
  CONFIG.CLK_OUT2_USE_FINE_PS_GUI {false} \
  CONFIG.CLK_OUT3_PORT {clk_out3} \
  CONFIG.CLK_OUT3_USE_FINE_PS_GUI {false} \
  CONFIG.CLK_OUT4_PORT {clk_out4} \
  CONFIG.CLK_OUT4_USE_FINE_PS_GUI {false} \
  CONFIG.CLK_OUT5_PORT {clk_out5} \
  CONFIG.CLK_OUT5_USE_FINE_PS_GUI {false} \
  CONFIG.CLK_OUT6_PORT {clk_out6} \
  CONFIG.CLK_OUT6_USE_FINE_PS_GUI {false} \
  CONFIG.CLK_OUT7_PORT {clk_out7} \
  CONFIG.CLK_OUT7_USE_FINE_PS_GUI {false} \
  CONFIG.CLK_VALID_PORT {CLK_VALID} \
  CONFIG.CLOCK_MGR_TYPE {auto} \
  CONFIG.Component_Name {zsys_clk_wiz_1_0} \
  CONFIG.DADDR_PORT {daddr} \
  CONFIG.DCLK_PORT {dclk} \
  CONFIG.DEN_PORT {den} \
  CONFIG.DIFF_CLK_IN1_BOARD_INTERFACE {Custom} \
  CONFIG.DIFF_CLK_IN2_BOARD_INTERFACE {Custom} \
  CONFIG.DIN_PORT {din} \
  CONFIG.DOUT_PORT {dout} \
  CONFIG.DRDY_PORT {drdy} \
  CONFIG.DWE_PORT {dwe} \
  CONFIG.ENABLE_CDDC {false} \
  CONFIG.ENABLE_CLKOUTPHY {false} \
  CONFIG.ENABLE_CLOCK_MONITOR {false} \
  CONFIG.ENABLE_USER_CLOCK0 {false} \
  CONFIG.ENABLE_USER_CLOCK1 {false} \
  CONFIG.ENABLE_USER_CLOCK2 {false} \
  CONFIG.ENABLE_USER_CLOCK3 {false} \
  CONFIG.Enable_PLL0 {false} \
  CONFIG.Enable_PLL1 {false} \
  CONFIG.FEEDBACK_SOURCE {FDBK_AUTO} \
  CONFIG.INPUT_CLK_STOPPED_PORT {input_clk_stopped} \
  CONFIG.INPUT_MODE {frequency} \
  CONFIG.INTERFACE_SELECTION {Enable_AXI} \
  CONFIG.IN_FREQ_UNITS {Units_MHz} \
  CONFIG.IN_JITTER_UNITS {Units_UI} \
  CONFIG.JITTER_OPTIONS {UI} \
  CONFIG.JITTER_SEL {Min_O_Jitter} \
  CONFIG.LOCKED_PORT {locked} \
  CONFIG.MMCM_BANDWIDTH {HIGH} \
  CONFIG.MMCM_CLKFBOUT_MULT_F {57.875} \
  CONFIG.MMCM_CLKFBOUT_PHASE {0.000} \
  CONFIG.MMCM_CLKFBOUT_USE_FINE_PS {false} \
  CONFIG.MMCM_CLKIN1_PERIOD {9.75} \
  CONFIG.MMCM_CLKIN2_PERIOD {10.0} \
  CONFIG.MMCM_CLKOUT0_DIVIDE_F {10.000} \
  CONFIG.MMCM_CLKOUT0_DUTY_CYCLE {0.500} \
  CONFIG.MMCM_CLKOUT0_PHASE {0.000} \
  CONFIG.MMCM_CLKOUT0_USE_FINE_PS {false} \
  CONFIG.MMCM_CLKOUT1_DIVIDE {5} \
  CONFIG.MMCM_CLKOUT1_DUTY_CYCLE {0.500} \
  CONFIG.MMCM_CLKOUT1_PHASE {0.000} \
  CONFIG.MMCM_CLKOUT1_USE_FINE_PS {false} \
  CONFIG.MMCM_CLKOUT2_DIVIDE {1} \
  CONFIG.MMCM_CLKOUT2_DUTY_CYCLE {0.500} \
  CONFIG.MMCM_CLKOUT2_PHASE {0.000} \
  CONFIG.MMCM_CLKOUT2_USE_FINE_PS {false} \
  CONFIG.MMCM_CLKOUT3_DIVIDE {1} \
  CONFIG.MMCM_CLKOUT3_DUTY_CYCLE {0.500} \
  CONFIG.MMCM_CLKOUT3_PHASE {0.000} \
  CONFIG.MMCM_CLKOUT3_USE_FINE_PS {false} \
  CONFIG.MMCM_CLKOUT4_CASCADE {false} \
  CONFIG.MMCM_CLKOUT4_DIVIDE {1} \
  CONFIG.MMCM_CLKOUT4_DUTY_CYCLE {0.500} \
  CONFIG.MMCM_CLKOUT4_PHASE {0.000} \
  CONFIG.MMCM_CLKOUT4_USE_FINE_PS {false} \
  CONFIG.MMCM_CLKOUT5_DIVIDE {1} \
  CONFIG.MMCM_CLKOUT5_DUTY_CYCLE {0.500} \
  CONFIG.MMCM_CLKOUT5_PHASE {0.000} \
  CONFIG.MMCM_CLKOUT5_USE_FINE_PS {false} \
  CONFIG.MMCM_CLKOUT6_DIVIDE {1} \
  CONFIG.MMCM_CLKOUT6_DUTY_CYCLE {0.500} \
  CONFIG.MMCM_CLKOUT6_PHASE {0.000} \
  CONFIG.MMCM_CLKOUT6_USE_FINE_PS {false} \
  CONFIG.MMCM_CLOCK_HOLD {false} \
  CONFIG.MMCM_COMPENSATION {ZHOLD} \
  CONFIG.MMCM_DIVCLK_DIVIDE {8} \
  CONFIG.MMCM_NOTES {None} \
  CONFIG.MMCM_REF_JITTER1 {0.010} \
  CONFIG.MMCM_REF_JITTER2 {0.010} \
  CONFIG.MMCM_STARTUP_WAIT {false} \
  CONFIG.NUM_OUT_CLKS {3} \
  CONFIG.OVERRIDE_MMCM {false} \
  CONFIG.OVERRIDE_PLL {false} \
  CONFIG.PHASESHIFT_MODE {WAVEFORM} \
  CONFIG.PHASE_DUTY_CONFIG {false} \
  CONFIG.PLATFORM {UNKNOWN} \
  CONFIG.PLL_BANDWIDTH {OPTIMIZED} \
  CONFIG.PLL_CLKFBOUT_MULT {4} \
  CONFIG.PLL_CLKFBOUT_PHASE {0.000} \
  CONFIG.PLL_CLKIN_PERIOD {10.000} \
  CONFIG.PLL_CLKOUT0_DIVIDE {1} \
  CONFIG.PLL_CLKOUT0_DUTY_CYCLE {0.500} \
  CONFIG.PLL_CLKOUT0_PHASE {0.000} \
  CONFIG.PLL_CLKOUT1_DIVIDE {1} \
  CONFIG.PLL_CLKOUT1_DUTY_CYCLE {0.500} \
  CONFIG.PLL_CLKOUT1_PHASE {0.000} \
  CONFIG.PLL_CLKOUT2_DIVIDE {1} \
  CONFIG.PLL_CLKOUT2_DUTY_CYCLE {0.500} \
  CONFIG.PLL_CLKOUT2_PHASE {0.000} \
  CONFIG.PLL_CLKOUT3_DIVIDE {1} \
  CONFIG.PLL_CLKOUT3_DUTY_CYCLE {0.500} \
  CONFIG.PLL_CLKOUT3_PHASE {0.000} \
  CONFIG.PLL_CLKOUT4_DIVIDE {1} \
  CONFIG.PLL_CLKOUT4_DUTY_CYCLE {0.500} \
  CONFIG.PLL_CLKOUT4_PHASE {0.000} \
  CONFIG.PLL_CLKOUT5_DIVIDE {1} \
  CONFIG.PLL_CLKOUT5_DUTY_CYCLE {0.500} \
  CONFIG.PLL_CLKOUT5_PHASE {0.000} \
  CONFIG.PLL_CLK_FEEDBACK {CLKFBOUT} \
  CONFIG.PLL_COMPENSATION {SYSTEM_SYNCHRONOUS} \
  CONFIG.PLL_DIVCLK_DIVIDE {1} \
  CONFIG.PLL_NOTES {None} \
  CONFIG.PLL_REF_JITTER {0.010} \
  CONFIG.POWER_DOWN_PORT {power_down} \
  CONFIG.PRECISION {1} \
  CONFIG.PRIMARY_PORT {clk_in1} \
  CONFIG.PRIMITIVE {MMCM} \
  CONFIG.PRIMTYPE_SEL {mmcm_adv} \
  CONFIG.PRIM_IN_FREQ {102.564} \
  CONFIG.PRIM_IN_JITTER {0.010} \
  CONFIG.PRIM_IN_TIMEPERIOD {10.000} \
  CONFIG.PRIM_SOURCE {Single_ended_clock_capable_pin} \
  CONFIG.PSCLK_PORT {psclk} \
  CONFIG.PSDONE_PORT {psdone} \
  CONFIG.PSEN_PORT {psen} \
  CONFIG.PSINCDEC_PORT {psincdec} \
  CONFIG.REF_CLK_FREQ {100.0} \
  CONFIG.RELATIVE_INCLK {REL_PRIMARY} \
  CONFIG.RESET_BOARD_INTERFACE {Custom} \
  CONFIG.RESET_PORT {reset} \
  CONFIG.RESET_TYPE {ACTIVE_HIGH} \
  CONFIG.SECONDARY_IN_FREQ {100.000} \
  CONFIG.SECONDARY_IN_JITTER {0.010} \
  CONFIG.SECONDARY_IN_TIMEPERIOD {10.000} \
  CONFIG.SECONDARY_PORT {clk_in2} \
  CONFIG.SECONDARY_SOURCE {Single_ended_clock_capable_pin} \
  CONFIG.SS_MODE {CENTER_HIGH} \
  CONFIG.SS_MOD_FREQ {250} \
  CONFIG.SS_MOD_TIME {0.004} \
  CONFIG.STATUS_PORT {STATUS} \
  CONFIG.SUMMARY_STRINGS {empty} \
  CONFIG.USER_CLK_FREQ0 {100.0} \
  CONFIG.USER_CLK_FREQ1 {100.0} \
  CONFIG.USER_CLK_FREQ2 {100.0} \
  CONFIG.USER_CLK_FREQ3 {100.0} \
  CONFIG.USE_BOARD_FLOW {false} \
  CONFIG.USE_CLKFB_STOPPED {false} \
  CONFIG.USE_CLK_VALID {false} \
  CONFIG.USE_CLOCK_SEQUENCING {false} \
  CONFIG.USE_DYN_PHASE_SHIFT {false} \
  CONFIG.USE_DYN_RECONFIG {true} \
  CONFIG.USE_FREEZE {false} \
  CONFIG.USE_FREQ_SYNTH {true} \
  CONFIG.USE_INCLK_STOPPED {false} \
  CONFIG.USE_INCLK_SWITCHOVER {false} \
  CONFIG.USE_LOCKED {true} \
  CONFIG.USE_MAX_I_JITTER {false} \
  CONFIG.USE_MIN_O_JITTER {false} \
  CONFIG.USE_MIN_POWER {false} \
  CONFIG.USE_PHASE_ALIGNMENT {true} \
  CONFIG.USE_POWER_DOWN {false} \
  CONFIG.USE_RESET {true} \
  CONFIG.USE_SAFE_CLOCK_STARTUP {false} \
  CONFIG.USE_SPREAD_SPECTRUM {false} \
  CONFIG.USE_STATUS {false} \
  CONFIG.s_axi_aclk.ASSOCIATED_BUSIF {s_axi_lite} \
  CONFIG.s_axi_aclk.ASSOCIATED_RESET {aresetn} \
  CONFIG.s_axi_aclk.CLK_DOMAIN {zsys_processing_system7_0_0_FCLK_CLK0} \
  CONFIG.s_axi_aclk.FREQ_HZ {148148163} \
  CONFIG.s_axi_aclk.PHASE {0.000} \
  CONFIG.s_axi_lite.ADDR_WIDTH {11} \
  CONFIG.s_axi_lite.ARUSER_WIDTH {0} \
  CONFIG.s_axi_lite.AWUSER_WIDTH {0} \
  CONFIG.s_axi_lite.BUSER_WIDTH {0} \
  CONFIG.s_axi_lite.CLK_DOMAIN {zsys_processing_system7_0_0_FCLK_CLK0} \
  CONFIG.s_axi_lite.DATA_WIDTH {32} \
  CONFIG.s_axi_lite.FREQ_HZ {148148163} \
  CONFIG.s_axi_lite.HAS_BRESP {1} \
  CONFIG.s_axi_lite.HAS_BURST {0} \
  CONFIG.s_axi_lite.HAS_CACHE {0} \
  CONFIG.s_axi_lite.HAS_LOCK {0} \
  CONFIG.s_axi_lite.HAS_PROT {0} \
  CONFIG.s_axi_lite.HAS_QOS {0} \
  CONFIG.s_axi_lite.HAS_REGION {0} \
  CONFIG.s_axi_lite.HAS_RRESP {1} \
  CONFIG.s_axi_lite.HAS_WSTRB {1} \
  CONFIG.s_axi_lite.ID_WIDTH {0} \
  CONFIG.s_axi_lite.MAX_BURST_LENGTH {1} \
  CONFIG.s_axi_lite.NUM_READ_OUTSTANDING {2} \
  CONFIG.s_axi_lite.NUM_READ_THREADS {1} \
  CONFIG.s_axi_lite.NUM_WRITE_OUTSTANDING {2} \
  CONFIG.s_axi_lite.NUM_WRITE_THREADS {1} \
  CONFIG.s_axi_lite.PHASE {0.000} \
  CONFIG.s_axi_lite.PROTOCOL {AXI4LITE} \
  CONFIG.s_axi_lite.READ_WRITE_MODE {READ_WRITE} \
  CONFIG.s_axi_lite.RUSER_BITS_PER_BYTE {0} \
  CONFIG.s_axi_lite.RUSER_WIDTH {0} \
  CONFIG.s_axi_lite.SUPPORTS_NARROW_BURST {0} \
  CONFIG.s_axi_lite.WUSER_BITS_PER_BYTE {0} \
  CONFIG.s_axi_lite.WUSER_WIDTH {0} \
  CONFIG.s_axi_resetn.ASSOCIATED_RESET {aresetn} \
  CONFIG.s_axi_resetn.POLARITY {ACTIVE_LOW} " [get_ips zsys_clk_wiz_1_0]







Copyright 1986-2018 Xilinx, Inc. All Rights Reserved.
------------------------------------------------------------------------------------
| Tool Version : Vivado v.2018.2 (win64) Build 2258646 Thu Jun 14 20:03:12 MDT 2018
| Date         : Mon Oct  1 18:43:34 2018
| Host         : DEV-WIN10 running 64-bit major release  (build 9200)
| Command      : upgrade_ip
| Device       : xc7z010clg225-1
------------------------------------------------------------------------------------

Upgrade Log for IP 'zsys_axis_data_fifo_0_0'

1. Summary
----------

SUCCESS in the upgrade of zsys_axis_data_fifo_0_0 (xilinx.com:ip:axis_data_fifo:1.1) from (Rev. 12) to (Rev. 18)






Copyright 1986-2018 Xilinx, Inc. All Rights Reserved.
------------------------------------------------------------------------------------
| Tool Version : Vivado v.2018.2 (win64) Build 2258646 Thu Jun 14 20:03:12 MDT 2018
| Date         : Mon Oct  1 18:43:34 2018
| Host         : DEV-WIN10 running 64-bit major release  (build 9200)
| Command      : upgrade_ip
| Device       : xc7z010clg225-1
------------------------------------------------------------------------------------

Upgrade Log for IP 'zsys_axi_vdma_0_1'

1. Summary
----------

SUCCESS in the upgrade of zsys_axi_vdma_0_1 from xilinx.com:ip:axi_vdma:6.2 (Rev. 10) to xilinx.com:ip:axi_vdma:6.3 (Rev. 5)

2. Upgrade messages
-------------------

Added parameter c_enable_all with value 1 (source 'default')
Added parameter c_enable_mm2s_rst_out with value 1 (source 'default')
Added parameter c_enable_mm2s_buf_empty with value 1 (source 'default')
Added parameter c_enable_mm2s_param_updt with value 1 (source 'default')
Added parameter c_enable_mm2s_fsync_out with value 1 (source 'default')
Added parameter c_enable_tstvec with value 1 (source 'default')
Added parameter c_enable_mm2s_frmstr_reg with value 1 (source 'default')
Added parameter c_enable_mm2s_delay_counter with value 1 (source 'default')
Added parameter c_enable_mm2s_frm_counter with value 1 (source 'default')
Added parameter c_enable_s2mm_rst_out with value 1 (source 'default')
Added parameter c_enable_s2mm_buf_full with value 1 (source 'default')
Added parameter c_enable_s2mm_param_updt with value 1 (source 'default')
Added parameter c_enable_s2mm_fsync_out with value 1 (source 'default')
Added parameter c_enable_s2mm_sts_reg with value 1 (source 'default')
Added parameter c_enable_s2mm_frmstr_reg with value 1 (source 'default')
Added parameter c_enable_s2mm_delay_counter with value 1 (source 'default')
Added parameter c_enable_s2mm_frm_counter with value 1 (source 'default')
Set parameter c_enable_all to value 0 (source 'default')
Set parameter c_enable_mm2s_rst_out to value 0 (source 'default')
Set parameter c_enable_mm2s_buf_empty to value 0 (source 'default')
Set parameter c_enable_mm2s_param_updt to value 0 (source 'default')
Set parameter c_enable_mm2s_fsync_out to value 0 (source 'default')
Set parameter c_enable_tstvec to value 0 (source 'default')
Set parameter c_enable_mm2s_frmstr_reg to value 0 (source 'default')
Set parameter c_enable_mm2s_delay_counter to value 1 (source 'default')
Set parameter c_enable_mm2s_frm_counter to value 1 (source 'default')
Set parameter c_enable_s2mm_rst_out to value 0 (source 'default')
Set parameter c_enable_s2mm_buf_full to value 0 (source 'default')
Set parameter c_enable_s2mm_param_updt to value 0 (source 'default')
Set parameter c_enable_s2mm_fsync_out to value 0 (source 'default')
Set parameter c_enable_s2mm_sts_reg to value 0 (source 'default')
Set parameter c_enable_s2mm_frmstr_reg to value 0 (source 'default')
Set parameter c_enable_s2mm_delay_counter to value 1 (source 'default')
Set parameter c_enable_s2mm_frm_counter to value 1 (source 'default')
Removed parameter c_enable_debug_all
Removed parameter c_enable_debug_info_0
Removed parameter c_enable_debug_info_1
Removed parameter c_enable_debug_info_2
Removed parameter c_enable_debug_info_3
Removed parameter c_enable_debug_info_4
Removed parameter c_enable_debug_info_5
Removed parameter c_enable_debug_info_6
Removed parameter c_enable_debug_info_7
Removed parameter c_enable_debug_info_8
Removed parameter c_enable_debug_info_9
Removed parameter c_enable_debug_info_10
Removed parameter c_enable_debug_info_11
Removed parameter c_enable_debug_info_12
Removed parameter c_enable_debug_info_13
Removed parameter c_enable_debug_info_14
Removed parameter c_enable_debug_info_15






Copyright 1986-2018 Xilinx, Inc. All Rights Reserved.
------------------------------------------------------------------------------------
| Tool Version : Vivado v.2018.2 (win64) Build 2258646 Thu Jun 14 20:03:12 MDT 2018
| Date         : Mon Oct  1 18:43:34 2018
| Host         : DEV-WIN10 running 64-bit major release  (build 9200)
| Command      : upgrade_ip
| Device       : xc7z010clg225-1
------------------------------------------------------------------------------------

Upgrade Log for IP 'zsys_axi_vdma_0_0'

1. Summary
----------

SUCCESS in the upgrade of zsys_axi_vdma_0_0 from xilinx.com:ip:axi_vdma:6.2 (Rev. 10) to xilinx.com:ip:axi_vdma:6.3 (Rev. 5)

2. Upgrade messages
-------------------

Added parameter c_enable_all with value 1 (source 'default')
Added parameter c_enable_mm2s_rst_out with value 1 (source 'default')
Added parameter c_enable_mm2s_buf_empty with value 1 (source 'default')
Added parameter c_enable_mm2s_param_updt with value 1 (source 'default')
Added parameter c_enable_mm2s_fsync_out with value 1 (source 'default')
Added parameter c_enable_tstvec with value 1 (source 'default')
Added parameter c_enable_mm2s_frmstr_reg with value 1 (source 'default')
Added parameter c_enable_mm2s_delay_counter with value 1 (source 'default')
Added parameter c_enable_mm2s_frm_counter with value 1 (source 'default')
Added parameter c_enable_s2mm_rst_out with value 1 (source 'default')
Added parameter c_enable_s2mm_buf_full with value 1 (source 'default')
Added parameter c_enable_s2mm_param_updt with value 1 (source 'default')
Added parameter c_enable_s2mm_fsync_out with value 1 (source 'default')
Added parameter c_enable_s2mm_sts_reg with value 1 (source 'default')
Added parameter c_enable_s2mm_frmstr_reg with value 1 (source 'default')
Added parameter c_enable_s2mm_delay_counter with value 1 (source 'default')
Added parameter c_enable_s2mm_frm_counter with value 1 (source 'default')
Set parameter c_enable_all to value 0 (source 'default')
Set parameter c_enable_mm2s_rst_out to value 0 (source 'default')
Set parameter c_enable_mm2s_buf_empty to value 0 (source 'default')
Set parameter c_enable_mm2s_param_updt to value 0 (source 'default')
Set parameter c_enable_mm2s_fsync_out to value 0 (source 'default')
Set parameter c_enable_tstvec to value 0 (source 'default')
Set parameter c_enable_mm2s_frmstr_reg to value 0 (source 'default')
Set parameter c_enable_mm2s_delay_counter to value 1 (source 'default')
Set parameter c_enable_mm2s_frm_counter to value 1 (source 'default')
Set parameter c_enable_s2mm_rst_out to value 0 (source 'default')
Set parameter c_enable_s2mm_buf_full to value 0 (source 'default')
Set parameter c_enable_s2mm_param_updt to value 0 (source 'default')
Set parameter c_enable_s2mm_fsync_out to value 0 (source 'default')
Set parameter c_enable_s2mm_sts_reg to value 0 (source 'default')
Set parameter c_enable_s2mm_frmstr_reg to value 0 (source 'default')
Set parameter c_enable_s2mm_delay_counter to value 1 (source 'default')
Set parameter c_enable_s2mm_frm_counter to value 1 (source 'default')
Removed parameter c_enable_debug_all
Removed parameter c_enable_debug_info_0
Removed parameter c_enable_debug_info_1
Removed parameter c_enable_debug_info_2
Removed parameter c_enable_debug_info_3
Removed parameter c_enable_debug_info_4
Removed parameter c_enable_debug_info_5
Removed parameter c_enable_debug_info_6
Removed parameter c_enable_debug_info_7
Removed parameter c_enable_debug_info_8
Removed parameter c_enable_debug_info_9
Removed parameter c_enable_debug_info_10
Removed parameter c_enable_debug_info_11
Removed parameter c_enable_debug_info_12
Removed parameter c_enable_debug_info_13
Removed parameter c_enable_debug_info_14
Removed parameter c_enable_debug_info_15






Copyright 1986-2018 Xilinx, Inc. All Rights Reserved.
------------------------------------------------------------------------------------
| Tool Version : Vivado v.2018.2 (win64) Build 2258646 Thu Jun 14 20:03:12 MDT 2018
| Date         : Mon Oct  1 18:43:34 2018
| Host         : DEV-WIN10 running 64-bit major release  (build 9200)
| Command      : upgrade_ip
| Device       : xc7z010clg225-1
------------------------------------------------------------------------------------

Upgrade Log for IP 'zsys_axi_mem_intercon_0'

1. Summary
----------

SUCCESS in the upgrade of zsys_axi_mem_intercon_0 (xilinx.com:ip:axi_interconnect:2.1) from (Rev. 12) to (Rev. 18)






Copyright 1986-2018 Xilinx, Inc. All Rights Reserved.
------------------------------------------------------------------------------------
| Tool Version : Vivado v.2018.2 (win64) Build 2258646 Thu Jun 14 20:03:12 MDT 2018
| Date         : Mon Oct  1 18:43:34 2018
| Host         : DEV-WIN10 running 64-bit major release  (build 9200)
| Command      : upgrade_ip
| Device       : xc7z010clg225-1
------------------------------------------------------------------------------------

Upgrade Log for IP 'zsys_axi_interconnect_0_0'

1. Summary
----------

SUCCESS in the upgrade of zsys_axi_interconnect_0_0 (xilinx.com:ip:axi_interconnect:2.1) from (Rev. 12) to (Rev. 18)

